# JRE version: Java(TM) SE Runtime Environment (8.0_101-b13) (build 1.8.0_101-b13)
# Java VM: Java HotSpot(TM) 64-Bit Server VM (25.101-b13 mixed mode windows-amd64 compressed oops)
Heap:
 PSYoungGen      total 495616K, used 219989K [0x00000000d5c00000, 0x00000000f5480000, 0x0000000100000000)
  eden space 476160K, 46% used [0x00000000d5c00000,0x00000000e32d5428,0x00000000f2d00000)
  from space 19456K, 0% used [0x00000000f4080000,0x00000000f4080000,0x00000000f5380000)
  to   space 19968K, 0% used [0x00000000f2d00000,0x00000000f2d00000,0x00000000f4080000)
 ParOldGen       total 82432K, used 32365K [0x0000000081400000, 0x0000000086480000, 0x00000000d5c00000)
  object space 82432K, 39% used [0x0000000081400000,0x000000008339b7f0,0x0000000086480000)
 Metaspace       used 58900K, capacity 59964K, committed 60200K, reserved 1101824K
  class space    used 7436K, capacity 7708K, committed 7720K, reserved 1048576K
GC Heap History (10 events):
Event: 31.555 GC heap before
{Heap before GC invocations=15 (full 3):
 PSYoungGen      total 370688K, used 336763K [0x00000000d5c00000, 0x00000000ee100000, 0x0000000100000000)
  eden space 350720K, 96% used [0x00000000d5c00000,0x00000000ea4decc8,0x00000000eb280000)
  from space 19968K, 0% used [0x00000000eb280000,0x00000000eb280000,0x00000000ec600000)
  to   space 19456K, 0% used [0x00000000ece00000,0x00000000ece00000,0x00000000ee100000)
 ParOldGen       total 82432K, used 32187K [0x0000000081400000, 0x0000000086480000, 0x00000000d5c00000)
  object space 82432K, 39% used [0x0000000081400000,0x000000008336eef0,0x0000000086480000)
 Metaspace       used 54293K, capacity 55028K, committed 55336K, reserved 1097728K
  class space    used 6991K, capacity 7205K, committed 7208K, reserved 1048576K
Event: 31.564 GC heap after
Heap after GC invocations=15 (full 3):
 PSYoungGen      total 376832K, used 8503K [0x00000000d5c00000, 0x00000000edf00000, 0x0000000100000000)
  eden space 359424K, 0% used [0x00000000d5c00000,0x00000000d5c00000,0x00000000ebb00000)
  from space 17408K, 48% used [0x00000000ece00000,0x00000000ed64de00,0x00000000edf00000)
  to   space 18432K, 0% used [0x00000000ebb00000,0x00000000ebb00000,0x00000000ecd00000)
 ParOldGen       total 82432K, used 32195K [0x0000000081400000, 0x0000000086480000, 0x00000000d5c00000)
  object space 82432K, 39% used [0x0000000081400000,0x0000000083370ef0,0x0000000086480000)
 Metaspace       used 54293K, capacity 55028K, committed 55336K, reserved 1097728K
  class space    used 6991K, capacity 7205K, committed 7208K, reserved 1048576K
}
Event: 31.564 GC heap before
{Heap before GC invocations=16 (full 4):
 PSYoungGen      total 376832K, used 8503K [0x00000000d5c00000, 0x00000000edf00000, 0x0000000100000000)
  eden space 359424K, 0% used [0x00000000d5c00000,0x00000000d5c00000,0x00000000ebb00000)
  from space 17408K, 48% used [0x00000000ece00000,0x00000000ed64de00,0x00000000edf00000)
  to   space 18432K, 0% used [0x00000000ebb00000,0x00000000ebb00000,0x00000000ecd00000)
 ParOldGen       total 82432K, used 32195K [0x0000000081400000, 0x0000000086480000, 0x00000000d5c00000)
  object space 82432K, 39% used [0x0000000081400000,0x0000000083370ef0,0x0000000086480000)
 Metaspace       used 54293K, capacity 55028K, committed 55336K, reserved 1097728K
  class space    used 6991K, capacity 7205K, committed 7208K, reserved 1048576K
Event: 31.766 GC heap after
Heap after GC invocations=16 (full 4):
 PSYoungGen      total 376832K, used 0K [0x00000000d5c00000, 0x00000000edf00000, 0x0000000100000000)
  eden space 359424K, 0% used [0x00000000d5c00000,0x00000000d5c00000,0x00000000ebb00000)
  from space 17408K, 0% used [0x00000000ece00000,0x00000000ece00000,0x00000000edf00000)
  to   space 18432K, 0% used [0x00000000ebb00000,0x00000000ebb00000,0x00000000ecd00000)
 ParOldGen       total 82432K, used 33931K [0x0000000081400000, 0x0000000086480000, 0x00000000d5c00000)
  object space 82432K, 41% used [0x0000000081400000,0x0000000083522d28,0x0000000086480000)
 Metaspace       used 54283K, capacity 55010K, committed 55336K, reserved 1097728K
  class space    used 6990K, capacity 7201K, committed 7208K, reserved 1048576K
}
Event: 47.936 GC heap before
{Heap before GC invocations=17 (full 4):
 PSYoungGen      total 376832K, used 359424K [0x00000000d5c00000, 0x00000000edf00000, 0x0000000100000000)
  eden space 359424K, 100% used [0x00000000d5c00000,0x00000000ebb00000,0x00000000ebb00000)
  from space 17408K, 0% used [0x00000000ece00000,0x00000000ece00000,0x00000000edf00000)
  to   space 18432K, 0% used [0x00000000ebb00000,0x00000000ebb00000,0x00000000ecd00000)
 ParOldGen       total 82432K, used 33931K [0x0000000081400000, 0x0000000086480000, 0x00000000d5c00000)
  object space 82432K, 41% used [0x0000000081400000,0x0000000083522d28,0x0000000086480000)
 Metaspace       used 57320K, capacity 58222K, committed 58536K, reserved 1099776K
  class space    used 7326K, capacity 7531K, committed 7592K, reserved 1048576K
Event: 47.955 GC heap after
Heap after GC invocations=17 (full 4):
 PSYoungGen      total 377856K, used 13783K [0x00000000d5c00000, 0x00000000f5380000, 0x0000000100000000)
  eden space 359424K, 0% used [0x00000000d5c00000,0x00000000d5c00000,0x00000000ebb00000)
  from space 18432K, 74% used [0x00000000ebb00000,0x00000000ec875c58,0x00000000ecd00000)
  to   space 19456K, 0% used [0x00000000f4080000,0x00000000f4080000,0x00000000f5380000)
 ParOldGen       total 82432K, used 33939K [0x0000000081400000, 0x0000000086480000, 0x00000000d5c00000)
  object space 82432K, 41% used [0x0000000081400000,0x0000000083524d28,0x0000000086480000)
 Metaspace       used 57320K, capacity 58222K, committed 58536K, reserved 1099776K
  class space    used 7326K, capacity 7531K, committed 7592K, reserved 1048576K
}
Event: 154.469 GC heap before
{Heap before GC invocations=18 (full 4):
 PSYoungGen      total 377856K, used 64264K [0x00000000d5c00000, 0x00000000f5380000, 0x0000000100000000)
  eden space 359424K, 14% used [0x00000000d5c00000,0x00000000d8d4c540,0x00000000ebb00000)
  from space 18432K, 74% used [0x00000000ebb00000,0x00000000ec875c58,0x00000000ecd00000)
  to   space 19456K, 0% used [0x00000000f4080000,0x00000000f4080000,0x00000000f5380000)
 ParOldGen       total 82432K, used 33939K [0x0000000081400000, 0x0000000086480000, 0x00000000d5c00000)
  object space 82432K, 41% used [0x0000000081400000,0x0000000083524d28,0x0000000086480000)
 Metaspace       used 58715K, capacity 59768K, committed 59944K, reserved 1101824K
  class space    used 7422K, capacity 7667K, committed 7720K, reserved 1048576K
Event: 154.478 GC heap after
Heap after GC invocations=18 (full 4):
 PSYoungGen      total 495616K, used 1097K [0x00000000d5c00000, 0x00000000f5480000, 0x0000000100000000)
  eden space 476160K, 0% used [0x00000000d5c00000,0x00000000d5c00000,0x00000000f2d00000)
  from space 19456K, 5% used [0x00000000f4080000,0x00000000f41925d0,0x00000000f5380000)
  to   space 19968K, 0% used [0x00000000f2d00000,0x00000000f2d00000,0x00000000f4080000)
 ParOldGen       total 82432K, used 39308K [0x0000000081400000, 0x0000000086480000, 0x00000000d5c00000)
  object space 82432K, 47% used [0x0000000081400000,0x0000000083a63058,0x0000000086480000)
 Metaspace       used 58715K, capacity 59768K, committed 59944K, reserved 1101824K
  class space    used 7422K, capacity 7667K, committed 7720K, reserved 1048576K
}
Event: 154.478 GC heap before
{Heap before GC invocations=19 (full 5):
 PSYoungGen      total 495616K, used 1097K [0x00000000d5c00000, 0x00000000f5480000, 0x0000000100000000)
  eden space 476160K, 0% used [0x00000000d5c00000,0x00000000d5c00000,0x00000000f2d00000)
  from space 19456K, 5% used [0x00000000f4080000,0x00000000f41925d0,0x00000000f5380000)
  to   space 19968K, 0% used [0x00000000f2d00000,0x00000000f2d00000,0x00000000f4080000)
 ParOldGen       total 82432K, used 39308K [0x0000000081400000, 0x0000000086480000, 0x00000000d5c00000)
  object space 82432K, 47% used [0x0000000081400000,0x0000000083a63058,0x0000000086480000)
 Metaspace       used 58715K, capacity 59768K, committed 59944K, reserved 1101824K
  class space    used 7422K, capacity 7667K, committed 7720K, reserved 1048576K
Event: 154.771 GC heap after
Heap after GC invocations=19 (full 5):
 PSYoungGen      total 495616K, used 0K [0x00000000d5c00000, 0x00000000f5480000, 0x0000000100000000)
  eden space 476160K, 0% used [0x00000000d5c00000,0x00000000d5c00000,0x00000000f2d00000)
  from space 19456K, 0% used [0x00000000f4080000,0x00000000f4080000,0x00000000f5380000)
  to   space 19968K, 0% used [0x00000000f2d00000,0x00000000f2d00000,0x00000000f4080000)
 ParOldGen       total 82432K, used 32365K [0x0000000081400000, 0x0000000086480000, 0x00000000d5c00000)
  object space 82432K, 39% used [0x0000000081400000,0x000000008339b7f0,0x0000000086480000)
 Metaspace       used 58705K, capacity 59750K, committed 59944K, reserved 1101824K
  class space    used 7420K, capacity 7663K, committed 7720K, reserved 1048576K
}

